<?xml version="1.0" encoding="UTF-8" ?>
<testsuite failures="0" time="0.039" errors="0" skipped="0" tests="1" name="org.scantegrity.authoring.AppTest">
  <properties>
    <property name="java.runtime.name" value="Java(TM) SE Runtime Environment"/>
    <property name="sun.boot.library.path" value="/usr/jdk/instances/jdk1.6.0/jre/lib/i386"/>
    <property name="java.vm.version" value="17.0-b16"/>
    <property name="java.vm.vendor" value="Sun Microsystems Inc."/>
    <property name="java.vendor.url" value="http://java.sun.com/"/>
    <property name="path.separator" value=":"/>
    <property name="java.vm.name" value="Java HotSpot(TM) Server VM"/>
    <property name="file.encoding.pkg" value="sun.io"/>
    <property name="user.country" value="US"/>
    <property name="sun.java.launcher" value="SUN_STANDARD"/>
    <property name="sun.os.patch.level" value="unknown"/>
    <property name="java.vm.specification.name" value="Java Virtual Machine Specification"/>
    <property name="user.dir" value="/opt/work/eclipse-ws/Scantegrity/authoring"/>
    <property name="java.runtime.version" value="1.6.0_21-b06"/>
    <property name="java.awt.graphicsenv" value="sun.awt.X11GraphicsEnvironment"/>
    <property name="basedir" value="/opt/work/eclipse-ws/Scantegrity/authoring"/>
    <property name="java.endorsed.dirs" value="/usr/jdk/instances/jdk1.6.0/jre/lib/endorsed"/>
    <property name="os.arch" value="x86"/>
    <property name="surefire.real.class.path" value="/var/tmp/surefirebooter4211828479766003276.jar"/>
    <property name="java.io.tmpdir" value="/var/tmp/"/>
    <property name="line.separator" value="
"/>
    <property name="java.vm.specification.vendor" value="Sun Microsystems Inc."/>
    <property name="os.name" value="SunOS"/>
    <property name="sun.jnu.encoding" value="UTF-8"/>
    <property name="java.library.path" value="/usr/jdk/instances/jdk1.6.0/jre/lib/i386/server:/usr/jdk/instances/jdk1.6.0/jre/lib/i386:/usr/jdk/instances/jdk1.6.0/jre/../lib/i386:/usr/jdk/instances/jdk1.6.0/jre/lib/i386/client:/usr/lib/firefox/:/usr/jdk/packages/lib/i386:/lib:/usr/lib"/>
    <property name="surefire.test.class.path" value="/opt/work/eclipse-ws/Scantegrity/authoring/target/test-classes:/opt/work/eclipse-ws/Scantegrity/authoring/target/classes:/export/home/carback1/.m2/repository/org/scantegrity/common/0.0.1-SNAPSHOT/common-0.0.1-SNAPSHOT.jar:/export/home/carback1/.m2/repository/com/lowagie/itext/2.1.4/itext-2.1.4.jar:/export/home/carback1/.m2/repository/bouncycastle/bcmail-jdk14/138/bcmail-jdk14-138.jar:/export/home/carback1/.m2/repository/bouncycastle/bcprov-jdk14/138/bcprov-jdk14-138.jar:/export/home/carback1/.m2/repository/junit/junit/3.8.1/junit-3.8.1.jar:/export/home/carback1/.m2/repository/commons-codec/commons-codec/1.4/commons-codec-1.4.jar:"/>
    <property name="java.specification.name" value="Java Platform API Specification"/>
    <property name="java.class.version" value="50.0"/>
    <property name="sun.management.compiler" value="HotSpot Tiered Compilers"/>
    <property name="os.version" value="5.11"/>
    <property name="user.home" value="/export/home/carback1"/>
    <property name="user.timezone" value=""/>
    <property name="java.awt.printerjob" value="sun.print.PSPrinterJob"/>
    <property name="file.encoding" value="UTF-8"/>
    <property name="java.specification.version" value="1.6"/>
    <property name="user.name" value="carback1"/>
    <property name="java.class.path" value="/opt/work/eclipse-ws/Scantegrity/authoring/target/test-classes:/opt/work/eclipse-ws/Scantegrity/authoring/target/classes:/export/home/carback1/.m2/repository/org/scantegrity/common/0.0.1-SNAPSHOT/common-0.0.1-SNAPSHOT.jar:/export/home/carback1/.m2/repository/com/lowagie/itext/2.1.4/itext-2.1.4.jar:/export/home/carback1/.m2/repository/bouncycastle/bcmail-jdk14/138/bcmail-jdk14-138.jar:/export/home/carback1/.m2/repository/bouncycastle/bcprov-jdk14/138/bcprov-jdk14-138.jar:/export/home/carback1/.m2/repository/junit/junit/3.8.1/junit-3.8.1.jar:/export/home/carback1/.m2/repository/commons-codec/commons-codec/1.4/commons-codec-1.4.jar:"/>
    <property name="java.vm.specification.version" value="1.0"/>
    <property name="sun.arch.data.model" value="32"/>
    <property name="java.home" value="/usr/jdk/instances/jdk1.6.0/jre"/>
    <property name="java.specification.vendor" value="Sun Microsystems Inc."/>
    <property name="user.language" value="en"/>
    <property name="java.vm.info" value="mixed mode"/>
    <property name="java.version" value="1.6.0_21"/>
    <property name="java.ext.dirs" value="/usr/jdk/instances/jdk1.6.0/jre/lib/ext:/usr/jdk/packages/lib/ext"/>
    <property name="sun.boot.class.path" value="/usr/jdk/instances/jdk1.6.0/jre/lib/resources.jar:/usr/jdk/instances/jdk1.6.0/jre/lib/rt.jar:/usr/jdk/instances/jdk1.6.0/jre/lib/sunrsasign.jar:/usr/jdk/instances/jdk1.6.0/jre/lib/jsse.jar:/usr/jdk/instances/jdk1.6.0/jre/lib/jce.jar:/usr/jdk/instances/jdk1.6.0/jre/lib/charsets.jar:/usr/jdk/instances/jdk1.6.0/jre/classes"/>
    <property name="java.vendor" value="Sun Microsystems Inc."/>
    <property name="localRepository" value="/export/home/carback1/.m2/repository"/>
    <property name="file.separator" value="/"/>
    <property name="java.vendor.url.bug" value="http://java.sun.com/cgi-bin/bugreport.cgi"/>
    <property name="sun.cpu.endian" value="little"/>
    <property name="sun.io.unicode.encoding" value="UnicodeBig"/>
    <property name="sun.desktop" value="gnome"/>
    <property name="sun.cpu.isalist" value=""/>
  </properties>
  <testcase time="0.003" classname="org.scantegrity.authoring.AppTest" name="testApp"/>
</testsuite>